[2025-04-01 23:47:11] Starting parent push p1743540431 with 135 batches (1350 total files)
[2025-04-01 23:47:11] Batch 1/135: Adding 10 files
[2025-04-01 23:47:11] Creating commit 'p1743540431 1/135'
[2025-04-01 23:47:11] Pushing commit...
[2025-04-01 23:47:12] Push succeeded for batch 1/135
[2025-04-01 23:47:12] Batch 2/135: Adding 10 files
[2025-04-01 23:47:12] Creating commit 'p1743540431 2/135'
[2025-04-01 23:47:12] Pushing commit...
[2025-04-01 23:47:12] Push succeeded for batch 2/135
[2025-04-01 23:47:12] Batch 3/135: Adding 10 files
[2025-04-01 23:47:13] Creating commit 'p1743540431 3/135'
[2025-04-01 23:47:13] Pushing commit...
[2025-04-01 23:47:13] Push succeeded for batch 3/135
[2025-04-01 23:47:13] Batch 4/135: Adding 10 files
[2025-04-01 23:47:13] Creating commit 'p1743540431 4/135'
[2025-04-01 23:47:13] Pushing commit...
[2025-04-01 23:47:13] Push succeeded for batch 4/135
[2025-04-01 23:47:13] Batch 5/135: Adding 10 files
[2025-04-01 23:47:14] Creating commit 'p1743540431 5/135'
[2025-04-01 23:47:14] Pushing commit...
[2025-04-01 23:47:14] Push succeeded for batch 5/135
[2025-04-01 23:47:14] Batch 6/135: Adding 10 files
[2025-04-01 23:47:14] Creating commit 'p1743540431 6/135'
[2025-04-01 23:47:15] Pushing commit...
[2025-04-01 23:47:15] Push succeeded for batch 6/135
[2025-04-01 23:47:15] Batch 7/135: Adding 10 files
[2025-04-01 23:47:15] Creating commit 'p1743540431 7/135'
[2025-04-01 23:47:15] Pushing commit...
[2025-04-01 23:47:15] Push succeeded for batch 7/135
[2025-04-01 23:47:15] Batch 8/135: Adding 10 files
[2025-04-01 23:47:16] Creating commit 'p1743540431 8/135'
[2025-04-01 23:47:16] Pushing commit...
[2025-04-01 23:47:16] Push succeeded for batch 8/135
[2025-04-01 23:47:16] Batch 9/135: Adding 10 files
[2025-04-01 23:47:16] Creating commit 'p1743540431 9/135'
[2025-04-01 23:47:16] Pushing commit...
[2025-04-01 23:47:16] Push succeeded for batch 9/135
[2025-04-01 23:47:16] Batch 10/135: Adding 10 files
[2025-04-01 23:47:17] Creating commit 'p1743540431 10/135'
[2025-04-01 23:47:17] Pushing commit...
[2025-04-01 23:47:17] Push succeeded for batch 10/135
[2025-04-01 23:47:17] Batch 11/135: Adding 10 files
[2025-04-01 23:47:18] Creating commit 'p1743540431 11/135'
[2025-04-01 23:47:18] Pushing commit...
[2025-04-01 23:47:18] Push succeeded for batch 11/135
[2025-04-01 23:47:18] Batch 12/135: Adding 10 files
[2025-04-01 23:47:18] Creating commit 'p1743540431 12/135'
[2025-04-01 23:47:19] Pushing commit...
[2025-04-01 23:47:19] Push succeeded for batch 12/135
[2025-04-01 23:47:19] Batch 13/135: Adding 10 files
[2025-04-01 23:47:19] Creating commit 'p1743540431 13/135'
[2025-04-01 23:47:19] Pushing commit...
[2025-04-01 23:47:19] Push succeeded for batch 13/135
[2025-04-01 23:47:19] Batch 14/135: Adding 10 files
[2025-04-01 23:47:20] Creating commit 'p1743540431 14/135'
[2025-04-01 23:47:20] Pushing commit...
[2025-04-01 23:47:20] Push succeeded for batch 14/135
[2025-04-01 23:47:20] Batch 15/135: Adding 10 files
[2025-04-01 23:47:21] Creating commit 'p1743540431 15/135'
[2025-04-01 23:47:21] Pushing commit...
[2025-04-01 23:47:21] Push succeeded for batch 15/135
[2025-04-01 23:47:21] Batch 16/135: Adding 10 files
[2025-04-01 23:47:22] Creating commit 'p1743540431 16/135'
[2025-04-01 23:47:22] Pushing commit...
[2025-04-01 23:47:22] Push succeeded for batch 16/135
[2025-04-01 23:47:22] Batch 17/135: Adding 10 files
[2025-04-01 23:47:22] Creating commit 'p1743540431 17/135'
[2025-04-01 23:47:23] Pushing commit...
[2025-04-01 23:47:23] Push succeeded for batch 17/135
[2025-04-01 23:47:23] Batch 18/135: Adding 10 files
[2025-04-01 23:47:23] Creating commit 'p1743540431 18/135'
[2025-04-01 23:47:24] Pushing commit...
[2025-04-01 23:47:24] Push succeeded for batch 18/135
[2025-04-01 23:47:24] Batch 19/135: Adding 10 files
[2025-04-01 23:47:25] Creating commit 'p1743540431 19/135'
[2025-04-01 23:47:25] Pushing commit...
[2025-04-01 23:47:25] Push succeeded for batch 19/135
[2025-04-01 23:47:25] Batch 20/135: Adding 10 files
[2025-04-01 23:47:25] Creating commit 'p1743540431 20/135'
[2025-04-01 23:47:26] Pushing commit...
[2025-04-01 23:47:26] Push succeeded for batch 20/135
[2025-04-01 23:47:26] Batch 21/135: Adding 10 files
[2025-04-01 23:47:26] Creating commit 'p1743540431 21/135'
[2025-04-01 23:47:27] Pushing commit...
[2025-04-01 23:47:27] Push succeeded for batch 21/135
[2025-04-01 23:47:27] Batch 22/135: Adding 10 files
[2025-04-01 23:47:27] Creating commit 'p1743540431 22/135'
[2025-04-01 23:47:27] Pushing commit...
[2025-04-01 23:47:27] Push succeeded for batch 22/135
[2025-04-01 23:47:27] Batch 23/135: Adding 10 files
[2025-04-01 23:47:28] Creating commit 'p1743540431 23/135'
[2025-04-01 23:47:28] Pushing commit...
[2025-04-01 23:47:28] Push succeeded for batch 23/135
[2025-04-01 23:47:28] Batch 24/135: Adding 10 files
[2025-04-01 23:47:29] Creating commit 'p1743540431 24/135'
[2025-04-01 23:47:29] Pushing commit...
[2025-04-01 23:47:29] Push succeeded for batch 24/135
[2025-04-01 23:47:29] Batch 25/135: Adding 10 files
[2025-04-01 23:47:30] Creating commit 'p1743540431 25/135'
[2025-04-01 23:47:30] Pushing commit...
[2025-04-01 23:47:30] Push succeeded for batch 25/135
[2025-04-01 23:47:30] Batch 26/135: Adding 10 files
[2025-04-01 23:50:14] FATAL ERROR: fatal: Needed a single revision
[2025-04-01 23:50:21] Created new branch: master
[2025-04-01 23:50:21] Starting push to 'master' (136 batches)
[2025-04-01 23:50:21] Adding 10 files (Batch 1/136)
[2025-04-01 23:50:22] Committed: p1743540621 1/136
[2025-04-01 23:50:29] Pushed successfully
[2025-04-01 23:50:29] Adding 10 files (Batch 2/136)
[2025-04-01 23:50:29] Committed: p1743540621 2/136
[2025-04-01 23:50:36] Pushed successfully
[2025-04-01 23:50:36] Adding 10 files (Batch 3/136)
[2025-04-01 23:50:37] Committed: p1743540621 3/136
[2025-04-01 23:50:43] Pushed successfully
[2025-04-01 23:50:43] Adding 10 files (Batch 4/136)
[2025-04-01 23:50:43] Committed: p1743540621 4/136
[2025-04-01 23:50:49] Pushed successfully
[2025-04-01 23:50:49] Adding 10 files (Batch 5/136)
[2025-04-01 23:50:50] Committed: p1743540621 5/136
[2025-04-01 23:50:56] Pushed successfully
[2025-04-01 23:50:56] Adding 10 files (Batch 6/136)
[2025-04-01 23:50:56] Committed: p1743540621 6/136
[2025-04-01 23:51:02] Pushed successfully
[2025-04-01 23:51:02] Adding 10 files (Batch 7/136)
[2025-04-01 23:51:03] Committed: p1743540621 7/136
[2025-04-01 23:51:08] Pushed successfully
[2025-04-01 23:51:08] Adding 10 files (Batch 8/136)
[2025-04-01 23:51:09] Committed: p1743540621 8/136
[2025-04-01 23:51:15] Pushed successfully
[2025-04-01 23:51:15] Adding 10 files (Batch 9/136)
[2025-04-01 23:51:16] Committed: p1743540621 9/136
[2025-04-01 23:51:22] Pushed successfully
[2025-04-01 23:51:22] Adding 10 files (Batch 10/136)
[2025-04-01 23:51:23] Committed: p1743540621 10/136
[2025-04-01 23:51:29] Pushed successfully
[2025-04-01 23:51:29] Adding 10 files (Batch 11/136)
[2025-04-01 23:51:29] Committed: p1743540621 11/136
[2025-04-01 23:51:37] Pushed successfully
[2025-04-01 23:51:37] Adding 10 files (Batch 12/136)
[2025-04-01 23:51:37] Committed: p1743540621 12/136
[2025-04-01 23:51:46] Pushed successfully
[2025-04-01 23:51:46] Adding 10 files (Batch 13/136)
[2025-04-01 23:51:47] Committed: p1743540621 13/136
[2025-04-01 23:51:55] Pushed successfully
[2025-04-01 23:51:55] Adding 10 files (Batch 14/136)
[2025-04-01 23:51:56] Committed: p1743540621 14/136
[2025-04-01 23:52:03] Pushed successfully
[2025-04-01 23:52:03] Adding 10 files (Batch 15/136)
[2025-04-01 23:52:03] Committed: p1743540621 15/136
[2025-04-01 23:52:10] Pushed successfully
[2025-04-01 23:52:10] Adding 10 files (Batch 16/136)
[2025-04-01 23:52:11] Committed: p1743540621 16/136
[2025-04-01 23:52:19] Pushed successfully
[2025-04-01 23:52:19] Adding 10 files (Batch 17/136)
[2025-04-01 23:52:20] Committed: p1743540621 17/136
[2025-04-01 23:52:28] Pushed successfully
[2025-04-01 23:52:28] Adding 10 files (Batch 18/136)
[2025-04-01 23:52:29] Committed: p1743540621 18/136
[2025-04-01 23:52:38] Pushed successfully
[2025-04-01 23:52:38] Adding 10 files (Batch 19/136)
[2025-04-01 23:52:39] Committed: p1743540621 19/136
[2025-04-01 23:52:48] Pushed successfully
[2025-04-01 23:52:48] Adding 10 files (Batch 20/136)
[2025-04-01 23:52:49] Committed: p1743540621 20/136
[2025-04-01 23:52:57] Pushed successfully
[2025-04-01 23:52:57] Adding 10 files (Batch 21/136)
[2025-04-01 23:52:58] Committed: p1743540621 21/136
[2025-04-01 23:53:07] Pushed successfully
[2025-04-01 23:53:07] Adding 10 files (Batch 22/136)
[2025-04-01 23:53:08] Committed: p1743540621 22/136
[2025-04-01 23:53:16] Pushed successfully
[2025-04-01 23:53:16] Adding 10 files (Batch 23/136)
[2025-04-01 23:53:17] Committed: p1743540621 23/136
[2025-04-01 23:53:25] Pushed successfully
[2025-04-01 23:53:25] Adding 10 files (Batch 24/136)
[2025-04-01 23:53:26] Committed: p1743540621 24/136
[2025-04-01 23:53:35] Pushed successfully
[2025-04-01 23:53:35] Adding 10 files (Batch 25/136)
[2025-04-01 23:53:36] Committed: p1743540621 25/136
[2025-04-01 23:53:42] Pushed successfully
[2025-04-01 23:53:42] Adding 10 files (Batch 26/136)
[2025-04-01 23:53:43] Committed: p1743540621 26/136
[2025-04-01 23:53:50] Pushed successfully
[2025-04-01 23:53:50] Adding 10 files (Batch 27/136)
[2025-04-01 23:53:51] Committed: p1743540621 27/136
[2025-04-01 23:54:00] Pushed successfully
[2025-04-01 23:54:00] Adding 10 files (Batch 28/136)
[2025-04-01 23:54:01] Committed: p1743540621 28/136
[2025-04-01 23:54:15] Pushed successfully
[2025-04-01 23:54:15] Adding 10 files (Batch 29/136)
[2025-04-01 23:54:16] Committed: p1743540621 29/136
[2025-04-01 23:54:29] Pushed successfully
[2025-04-01 23:54:29] Adding 10 files (Batch 30/136)
[2025-04-01 23:54:30] Committed: p1743540621 30/136
[2025-04-01 23:54:39] Pushed successfully
[2025-04-01 23:54:39] Adding 10 files (Batch 31/136)
[2025-04-01 23:54:40] Committed: p1743540621 31/136
[2025-04-01 23:54:48] Pushed successfully
[2025-04-01 23:54:48] Adding 10 files (Batch 32/136)
[2025-04-01 23:54:49] Committed: p1743540621 32/136
[2025-04-01 23:54:58] Pushed successfully
[2025-04-01 23:54:58] Adding 10 files (Batch 33/136)
[2025-04-01 23:54:59] Committed: p1743540621 33/136
[2025-04-01 23:55:09] Pushed successfully
[2025-04-01 23:55:09] Adding 10 files (Batch 34/136)
[2025-04-01 23:55:10] Committed: p1743540621 34/136
[2025-04-01 23:55:20] Pushed successfully
[2025-04-01 23:55:20] Adding 10 files (Batch 35/136)
[2025-04-01 23:55:21] Committed: p1743540621 35/136
[2025-04-01 23:55:31] Pushed successfully
[2025-04-01 23:55:31] Adding 10 files (Batch 36/136)
[2025-04-01 23:55:32] Committed: p1743540621 36/136
[2025-04-01 23:55:44] Pushed successfully
[2025-04-01 23:55:44] Adding 10 files (Batch 37/136)
[2025-04-01 23:55:45] Committed: p1743540621 37/136
[2025-04-01 23:55:53] Pushed successfully
[2025-04-01 23:55:53] Adding 10 files (Batch 38/136)
[2025-04-01 23:55:54] Committed: p1743540621 38/136
[2025-04-01 23:56:02] Pushed successfully
[2025-04-01 23:56:02] Adding 10 files (Batch 39/136)
[2025-04-01 23:56:03] Committed: p1743540621 39/136
[2025-04-01 23:56:12] Pushed successfully
[2025-04-01 23:56:12] Adding 10 files (Batch 40/136)
[2025-04-01 23:56:13] Committed: p1743540621 40/136
[2025-04-01 23:56:24] Pushed successfully
[2025-04-01 23:56:24] Adding 10 files (Batch 41/136)
[2025-04-01 23:56:25] Committed: p1743540621 41/136
[2025-04-01 23:56:33] Pushed successfully
[2025-04-01 23:56:33] Adding 10 files (Batch 42/136)
[2025-04-01 23:56:34] Committed: p1743540621 42/136
[2025-04-01 23:56:45] Pushed successfully
[2025-04-01 23:56:45] Adding 10 files (Batch 43/136)
[2025-04-01 23:56:46] Committed: p1743540621 43/136
[2025-04-01 23:57:00] Pushed successfully
[2025-04-01 23:57:00] Adding 10 files (Batch 44/136)
[2025-04-01 23:57:01] Committed: p1743540621 44/136
[2025-04-01 23:57:13] Pushed successfully
[2025-04-01 23:57:13] Adding 10 files (Batch 45/136)
[2025-04-01 23:57:14] Committed: p1743540621 45/136
[2025-04-01 23:57:25] Pushed successfully
[2025-04-01 23:57:25] Adding 10 files (Batch 46/136)
[2025-04-01 23:57:26] Committed: p1743540621 46/136
[2025-04-01 23:57:37] Pushed successfully
[2025-04-01 23:57:37] Adding 10 files (Batch 47/136)
[2025-04-01 23:57:38] Committed: p1743540621 47/136
[2025-04-01 23:57:48] Pushed successfully
[2025-04-01 23:57:48] Adding 10 files (Batch 48/136)
[2025-04-01 23:57:49] Committed: p1743540621 48/136
[2025-04-01 23:58:00] Pushed successfully
[2025-04-01 23:58:00] Adding 10 files (Batch 49/136)
[2025-04-01 23:58:01] Committed: p1743540621 49/136
[2025-04-01 23:58:10] Pushed successfully
[2025-04-01 23:58:10] Adding 10 files (Batch 50/136)
[2025-04-01 23:58:11] Committed: p1743540621 50/136
[2025-04-01 23:58:19] Pushed successfully
[2025-04-01 23:58:19] Adding 10 files (Batch 51/136)
[2025-04-01 23:58:20] Committed: p1743540621 51/136
[2025-04-01 23:58:27] Pushed successfully
[2025-04-01 23:58:27] Adding 10 files (Batch 52/136)
[2025-04-01 23:58:28] Committed: p1743540621 52/136
[2025-04-01 23:58:38] Pushed successfully
[2025-04-01 23:58:38] Adding 10 files (Batch 53/136)
[2025-04-01 23:58:39] Committed: p1743540621 53/136
[2025-04-01 23:58:50] Pushed successfully
[2025-04-01 23:58:50] Adding 10 files (Batch 54/136)
[2025-04-01 23:58:51] Committed: p1743540621 54/136
[2025-04-01 23:59:00] Pushed successfully
[2025-04-01 23:59:00] Adding 10 files (Batch 55/136)
[2025-04-01 23:59:01] Committed: p1743540621 55/136
[2025-04-01 23:59:09] Pushed successfully
[2025-04-01 23:59:09] Adding 10 files (Batch 56/136)
[2025-04-01 23:59:10] Committed: p1743540621 56/136
[2025-04-01 23:59:20] Pushed successfully
[2025-04-01 23:59:20] Adding 10 files (Batch 57/136)
[2025-04-01 23:59:21] Committed: p1743540621 57/136
[2025-04-01 23:59:28] Pushed successfully
[2025-04-01 23:59:28] Adding 10 files (Batch 58/136)
[2025-04-01 23:59:29] Committed: p1743540621 58/136
[2025-04-01 23:59:38] Pushed successfully
[2025-04-01 23:59:38] Adding 10 files (Batch 59/136)
[2025-04-01 23:59:39] Committed: p1743540621 59/136
[2025-04-01 23:59:48] Pushed successfully
[2025-04-01 23:59:48] Adding 10 files (Batch 60/136)
[2025-04-01 23:59:49] Committed: p1743540621 60/136
[2025-04-01 23:59:57] Pushed successfully
[2025-04-01 23:59:57] Adding 10 files (Batch 61/136)
[2025-04-01 23:59:58] Committed: p1743540621 61/136
[2025-04-02 00:00:07] Pushed successfully
[2025-04-02 00:00:07] Adding 10 files (Batch 62/136)
[2025-04-02 00:00:08] Committed: p1743540621 62/136
[2025-04-02 00:00:19] Pushed successfully
[2025-04-02 00:00:19] Adding 10 files (Batch 63/136)
[2025-04-02 00:00:20] Committed: p1743540621 63/136
[2025-04-02 00:00:30] Pushed successfully
[2025-04-02 00:00:30] Adding 10 files (Batch 64/136)
[2025-04-02 00:00:31] Committed: p1743540621 64/136
[2025-04-02 00:00:41] Pushed successfully
[2025-04-02 00:00:41] Adding 10 files (Batch 65/136)
[2025-04-02 00:00:42] Committed: p1743540621 65/136
[2025-04-02 00:00:50] Pushed successfully
[2025-04-02 00:00:50] Adding 10 files (Batch 66/136)
[2025-04-02 00:00:51] Committed: p1743540621 66/136
[2025-04-02 00:01:00] Pushed successfully
[2025-04-02 00:01:00] Adding 10 files (Batch 67/136)
[2025-04-02 00:01:01] Committed: p1743540621 67/136
[2025-04-02 00:01:10] Pushed successfully
[2025-04-02 00:01:10] Adding 10 files (Batch 68/136)
[2025-04-02 00:01:11] Committed: p1743540621 68/136
[2025-04-02 00:01:19] Pushed successfully
[2025-04-02 00:01:19] Adding 10 files (Batch 69/136)
[2025-04-02 00:01:20] Committed: p1743540621 69/136
[2025-04-02 00:01:30] Pushed successfully
[2025-04-02 00:01:30] Adding 10 files (Batch 70/136)
[2025-04-02 00:01:31] Committed: p1743540621 70/136
[2025-04-02 00:01:41] Pushed successfully
[2025-04-02 00:01:41] Adding 10 files (Batch 71/136)
[2025-04-02 00:01:42] Committed: p1743540621 71/136
[2025-04-02 00:01:50] Pushed successfully
[2025-04-02 00:01:50] Adding 10 files (Batch 72/136)
[2025-04-02 00:01:51] Committed: p1743540621 72/136
[2025-04-02 00:02:01] Pushed successfully
[2025-04-02 00:02:01] Adding 10 files (Batch 73/136)
[2025-04-02 00:02:02] Committed: p1743540621 73/136
[2025-04-02 00:02:12] Pushed successfully
[2025-04-02 00:02:12] Adding 10 files (Batch 74/136)
[2025-04-02 00:02:13] Committed: p1743540621 74/136
[2025-04-02 00:02:22] Pushed successfully
[2025-04-02 00:02:22] Adding 10 files (Batch 75/136)
[2025-04-02 00:02:23] Committed: p1743540621 75/136
[2025-04-02 00:02:34] Pushed successfully
[2025-04-02 00:02:34] Adding 10 files (Batch 76/136)
[2025-04-02 00:02:35] Committed: p1743540621 76/136
[2025-04-02 00:02:44] Pushed successfully
[2025-04-02 00:02:44] Adding 10 files (Batch 77/136)
[2025-04-02 00:02:45] Committed: p1743540621 77/136
[2025-04-02 00:02:56] Pushed successfully
[2025-04-02 00:02:56] Adding 10 files (Batch 78/136)
[2025-04-02 00:02:57] Committed: p1743540621 78/136
[2025-04-02 00:03:06] Pushed successfully
[2025-04-02 00:03:06] Adding 10 files (Batch 79/136)
[2025-04-02 00:03:07] Committed: p1743540621 79/136
[2025-04-02 00:03:14] Pushed successfully
[2025-04-02 00:03:14] Adding 10 files (Batch 80/136)
[2025-04-02 00:03:14] Committed: p1743540621 80/136
[2025-04-02 00:03:23] Pushed successfully
[2025-04-02 00:03:23] Adding 10 files (Batch 81/136)
[2025-04-02 00:03:24] Committed: p1743540621 81/136
[2025-04-02 00:03:31] Pushed successfully
[2025-04-02 00:03:31] Adding 10 files (Batch 82/136)
[2025-04-02 00:03:32] Committed: p1743540621 82/136
[2025-04-02 00:03:40] Pushed successfully
[2025-04-02 00:03:40] Adding 10 files (Batch 83/136)
[2025-04-02 00:03:41] Committed: p1743540621 83/136
[2025-04-02 00:03:48] Pushed successfully
[2025-04-02 00:03:48] Adding 10 files (Batch 84/136)
[2025-04-02 00:03:49] Committed: p1743540621 84/136
[2025-04-02 00:03:58] Pushed successfully
[2025-04-02 00:03:58] Adding 10 files (Batch 85/136)
[2025-04-02 00:03:59] Committed: p1743540621 85/136
[2025-04-02 00:04:06] Pushed successfully
[2025-04-02 00:04:06] Adding 10 files (Batch 86/136)
[2025-04-02 00:04:07] Committed: p1743540621 86/136
[2025-04-02 00:04:16] Pushed successfully
[2025-04-02 00:04:16] Adding 10 files (Batch 87/136)
[2025-04-02 00:11:24] Using existing branch: master
[2025-04-02 00:11:24] Starting push to 'master' (136 batches)
[2025-04-02 00:11:24] Adding 10 files (Batch 1/136)
[2025-04-02 00:11:24] Committed: p1743541884 1/136
[2025-04-02 00:11:33] Pushed successfully
[2025-04-02 00:11:33] Adding 10 files (Batch 2/136)
[2025-04-02 00:11:33] Committed: p1743541884 2/136
[2025-04-02 00:11:35] Pushed successfully
[2025-04-02 00:11:35] Adding 10 files (Batch 3/136)
[2025-04-02 00:11:35] Committed: p1743541884 3/136
[2025-04-02 00:11:37] Pushed successfully
[2025-04-02 00:11:37] Adding 10 files (Batch 4/136)
[2025-04-02 00:11:37] Committed: p1743541884 4/136
[2025-04-02 00:11:38] Pushed successfully
[2025-04-02 00:11:38] Adding 10 files (Batch 5/136)
[2025-04-02 00:11:38] Committed: p1743541884 5/136
[2025-04-02 00:11:40] Pushed successfully
[2025-04-02 00:11:40] Adding 10 files (Batch 6/136)
[2025-04-02 00:11:40] Committed: p1743541884 6/136
[2025-04-02 00:11:42] Pushed successfully
[2025-04-02 00:11:42] Adding 10 files (Batch 7/136)
[2025-04-02 00:11:42] Committed: p1743541884 7/136
[2025-04-02 00:11:43] Pushed successfully
[2025-04-02 00:11:43] Adding 10 files (Batch 8/136)
[2025-04-02 00:11:44] Committed: p1743541884 8/136
[2025-04-02 00:11:45] Pushed successfully
[2025-04-02 00:11:45] Adding 10 files (Batch 9/136)
[2025-04-02 00:11:45] Committed: p1743541884 9/136
[2025-04-02 00:11:47] Pushed successfully
[2025-04-02 00:11:47] Adding 10 files (Batch 10/136)
[2025-04-02 00:11:47] Committed: p1743541884 10/136
[2025-04-02 00:11:49] Pushed successfully
[2025-04-02 00:11:49] Adding 10 files (Batch 11/136)
[2025-04-02 00:11:49] Committed: p1743541884 11/136
[2025-04-02 00:11:50] Pushed successfully
[2025-04-02 00:11:50] Adding 10 files (Batch 12/136)
[2025-04-02 00:11:50] Committed: p1743541884 12/136
[2025-04-02 00:11:52] Pushed successfully
[2025-04-02 00:11:52] Adding 10 files (Batch 13/136)
[2025-04-02 00:11:52] Committed: p1743541884 13/136
[2025-04-02 00:11:54] Pushed successfully
[2025-04-02 00:11:54] Adding 10 files (Batch 14/136)
[2025-04-02 00:11:54] Committed: p1743541884 14/136
[2025-04-02 00:11:56] Pushed successfully
[2025-04-02 00:11:56] Adding 10 files (Batch 15/136)
[2025-04-02 00:11:56] Committed: p1743541884 15/136
[2025-04-02 00:11:57] Pushed successfully
[2025-04-02 00:11:57] Adding 10 files (Batch 16/136)
[2025-04-02 00:11:57] Committed: p1743541884 16/136
[2025-04-02 00:11:59] Pushed successfully
[2025-04-02 00:11:59] Adding 10 files (Batch 17/136)
[2025-04-02 00:11:59] Committed: p1743541884 17/136
[2025-04-02 00:12:01] Pushed successfully
[2025-04-02 00:12:01] Adding 10 files (Batch 18/136)
[2025-04-02 00:12:01] Committed: p1743541884 18/136
[2025-04-02 00:12:02] Pushed successfully
[2025-04-02 00:12:02] Adding 10 files (Batch 19/136)
[2025-04-02 00:12:02] Committed: p1743541884 19/136
[2025-04-02 00:12:04] Pushed successfully
[2025-04-02 00:12:04] Adding 10 files (Batch 20/136)
[2025-04-02 00:12:04] Committed: p1743541884 20/136
[2025-04-02 00:12:06] Pushed successfully
[2025-04-02 00:12:06] Adding 10 files (Batch 21/136)
[2025-04-02 00:12:06] Committed: p1743541884 21/136
[2025-04-02 00:12:07] Pushed successfully
[2025-04-02 00:12:07] Adding 10 files (Batch 22/136)
[2025-04-02 00:12:07] Committed: p1743541884 22/136
[2025-04-02 00:12:09] Pushed successfully
[2025-04-02 00:12:09] Adding 10 files (Batch 23/136)
[2025-04-02 00:12:09] Committed: p1743541884 23/136
[2025-04-02 00:12:11] Pushed successfully
[2025-04-02 00:12:11] Adding 10 files (Batch 24/136)
[2025-04-02 00:12:11] Committed: p1743541884 24/136
[2025-04-02 00:12:12] Pushed successfully
[2025-04-02 00:12:12] Adding 10 files (Batch 25/136)
[2025-04-02 00:12:12] Committed: p1743541884 25/136
[2025-04-02 00:12:14] Pushed successfully
[2025-04-02 00:12:14] Adding 10 files (Batch 26/136)
[2025-04-02 00:12:14] Committed: p1743541884 26/136
[2025-04-02 00:12:16] Pushed successfully
[2025-04-02 00:12:16] Adding 10 files (Batch 27/136)
[2025-04-02 00:12:16] Committed: p1743541884 27/136
[2025-04-02 00:12:18] Pushed successfully
[2025-04-02 00:12:18] Adding 10 files (Batch 28/136)
[2025-04-02 00:12:18] Committed: p1743541884 28/136
[2025-04-02 00:12:19] Pushed successfully
[2025-04-02 00:12:19] Adding 10 files (Batch 29/136)
[2025-04-02 00:12:19] Committed: p1743541884 29/136
[2025-04-02 00:12:21] Pushed successfully
[2025-04-02 00:12:21] Adding 10 files (Batch 30/136)
[2025-04-02 00:12:21] Committed: p1743541884 30/136
[2025-04-02 00:12:23] Pushed successfully
[2025-04-02 00:12:23] Adding 10 files (Batch 31/136)
[2025-04-02 00:12:23] Committed: p1743541884 31/136
[2025-04-02 00:12:24] Pushed successfully
[2025-04-02 00:12:24] Adding 10 files (Batch 32/136)
[2025-04-02 00:12:24] Committed: p1743541884 32/136
[2025-04-02 00:12:26] Pushed successfully
[2025-04-02 00:12:26] Adding 10 files (Batch 33/136)
[2025-04-02 00:12:26] Committed: p1743541884 33/136
[2025-04-02 00:12:28] Pushed successfully
[2025-04-02 00:12:28] Adding 10 files (Batch 34/136)
[2025-04-02 00:12:28] Committed: p1743541884 34/136
[2025-04-02 00:12:29] Pushed successfully
[2025-04-02 00:12:29] Adding 10 files (Batch 35/136)
[2025-04-02 00:12:29] Committed: p1743541884 35/136
[2025-04-02 00:12:31] Pushed successfully
[2025-04-02 00:12:31] Adding 10 files (Batch 36/136)
[2025-04-02 00:12:31] Committed: p1743541884 36/136
[2025-04-02 00:12:32] Pushed successfully
[2025-04-02 00:12:32] Adding 10 files (Batch 37/136)
[2025-04-02 00:12:33] Committed: p1743541884 37/136
[2025-04-02 00:12:34] Pushed successfully
[2025-04-02 00:12:34] Adding 10 files (Batch 38/136)
[2025-04-02 00:12:34] Committed: p1743541884 38/136
[2025-04-02 00:12:36] Pushed successfully
[2025-04-02 00:12:36] Adding 10 files (Batch 39/136)
[2025-04-02 00:12:36] Committed: p1743541884 39/136
[2025-04-02 00:12:38] Pushed successfully
[2025-04-02 00:12:38] Adding 10 files (Batch 40/136)
[2025-04-02 00:12:38] Committed: p1743541884 40/136
[2025-04-02 00:12:39] Pushed successfully
[2025-04-02 00:12:39] Adding 10 files (Batch 41/136)
[2025-04-02 00:12:39] Committed: p1743541884 41/136
[2025-04-02 00:12:41] Pushed successfully
[2025-04-02 00:12:41] Adding 10 files (Batch 42/136)
[2025-04-02 00:12:41] Committed: p1743541884 42/136
[2025-04-02 00:12:43] Pushed successfully
[2025-04-02 00:12:43] Adding 10 files (Batch 43/136)
[2025-04-02 00:12:43] Committed: p1743541884 43/136
[2025-04-02 00:12:44] Pushed successfully
[2025-04-02 00:12:44] Adding 10 files (Batch 44/136)
[2025-04-02 00:12:44] Committed: p1743541884 44/136
[2025-04-02 00:12:46] Pushed successfully
[2025-04-02 00:12:46] Adding 10 files (Batch 45/136)
[2025-04-02 00:12:46] Committed: p1743541884 45/136
[2025-04-02 00:12:48] Pushed successfully
[2025-04-02 00:12:48] Adding 10 files (Batch 46/136)
[2025-04-02 00:12:48] Committed: p1743541884 46/136
[2025-04-02 00:12:50] Pushed successfully
[2025-04-02 00:12:50] Adding 10 files (Batch 47/136)
[2025-04-02 00:12:50] Committed: p1743541884 47/136
[2025-04-02 00:12:51] Pushed successfully
[2025-04-02 00:12:51] Adding 10 files (Batch 48/136)
[2025-04-02 00:12:51] Committed: p1743541884 48/136
[2025-04-02 00:12:53] Pushed successfully
[2025-04-02 00:12:53] Adding 10 files (Batch 49/136)
[2025-04-02 00:12:53] Committed: p1743541884 49/136
[2025-04-02 00:12:55] Pushed successfully
[2025-04-02 00:12:55] Adding 10 files (Batch 50/136)
[2025-04-02 00:12:55] Committed: p1743541884 50/136
[2025-04-02 00:12:56] Pushed successfully
[2025-04-02 00:12:56] Adding 10 files (Batch 51/136)
[2025-04-02 00:12:57] Committed: p1743541884 51/136
[2025-04-02 00:12:58] Pushed successfully
[2025-04-02 00:12:58] Adding 10 files (Batch 52/136)
[2025-04-02 00:12:58] Committed: p1743541884 52/136
[2025-04-02 00:13:00] Pushed successfully
[2025-04-02 00:13:00] Adding 10 files (Batch 53/136)
[2025-04-02 00:13:00] Committed: p1743541884 53/136
[2025-04-02 00:13:02] Pushed successfully
[2025-04-02 00:13:02] Adding 10 files (Batch 54/136)
[2025-04-02 00:13:02] Committed: p1743541884 54/136
[2025-04-02 00:13:03] Pushed successfully
[2025-04-02 00:13:03] Adding 10 files (Batch 55/136)
[2025-04-02 00:13:03] Committed: p1743541884 55/136
[2025-04-02 00:13:05] Pushed successfully
[2025-04-02 00:13:05] Adding 10 files (Batch 56/136)
[2025-04-02 00:13:05] Committed: p1743541884 56/136
[2025-04-02 00:13:07] Pushed successfully
[2025-04-02 00:13:07] Adding 10 files (Batch 57/136)
[2025-04-02 00:13:07] Committed: p1743541884 57/136
[2025-04-02 00:13:08] Pushed successfully
[2025-04-02 00:13:08] Adding 10 files (Batch 58/136)
[2025-04-02 00:13:08] Committed: p1743541884 58/136
[2025-04-02 00:13:10] Pushed successfully
[2025-04-02 00:13:10] Adding 10 files (Batch 59/136)
[2025-04-02 00:13:10] Committed: p1743541884 59/136
[2025-04-02 00:13:12] Pushed successfully
[2025-04-02 00:13:12] Adding 10 files (Batch 60/136)
[2025-04-02 00:13:12] Committed: p1743541884 60/136
[2025-04-02 00:13:13] Pushed successfully
[2025-04-02 00:13:13] Adding 10 files (Batch 61/136)
[2025-04-02 00:13:13] Committed: p1743541884 61/136
[2025-04-02 00:13:15] Pushed successfully
[2025-04-02 00:13:15] Adding 10 files (Batch 62/136)
[2025-04-02 00:13:15] Committed: p1743541884 62/136
[2025-04-02 00:13:17] Pushed successfully
[2025-04-02 00:13:17] Adding 10 files (Batch 63/136)
[2025-04-02 00:13:17] Committed: p1743541884 63/136
[2025-04-02 00:13:19] Pushed successfully
[2025-04-02 00:13:19] Adding 10 files (Batch 64/136)
[2025-04-02 00:13:19] Committed: p1743541884 64/136
[2025-04-02 00:13:20] Pushed successfully
[2025-04-02 00:13:20] Adding 10 files (Batch 65/136)
[2025-04-02 00:13:20] Committed: p1743541884 65/136
[2025-04-02 00:13:22] Pushed successfully
[2025-04-02 00:13:22] Adding 10 files (Batch 66/136)
[2025-04-02 00:13:22] Committed: p1743541884 66/136
[2025-04-02 00:13:24] Pushed successfully
[2025-04-02 00:13:24] Adding 10 files (Batch 67/136)
[2025-04-02 00:13:24] Committed: p1743541884 67/136
[2025-04-02 00:13:25] Pushed successfully
[2025-04-02 00:13:25] Adding 10 files (Batch 68/136)
[2025-04-02 00:13:25] Committed: p1743541884 68/136
[2025-04-02 00:13:27] Pushed successfully
[2025-04-02 00:13:27] Adding 10 files (Batch 69/136)
[2025-04-02 00:13:27] Committed: p1743541884 69/136
[2025-04-02 00:13:29] Pushed successfully
[2025-04-02 00:13:29] Adding 10 files (Batch 70/136)
[2025-04-02 00:13:29] Committed: p1743541884 70/136
[2025-04-02 00:13:30] Pushed successfully
[2025-04-02 00:13:30] Adding 10 files (Batch 71/136)
[2025-04-02 00:13:30] Committed: p1743541884 71/136
[2025-04-02 00:13:32] Pushed successfully
[2025-04-02 00:13:32] Adding 10 files (Batch 72/136)
[2025-04-02 00:13:32] Committed: p1743541884 72/136
[2025-04-02 00:13:34] Pushed successfully
[2025-04-02 00:13:34] Adding 10 files (Batch 73/136)
[2025-04-02 00:13:34] Committed: p1743541884 73/136
[2025-04-02 00:13:35] Pushed successfully
[2025-04-02 00:13:35] Adding 10 files (Batch 74/136)
[2025-04-02 00:13:35] Committed: p1743541884 74/136
[2025-04-02 00:13:37] Pushed successfully
[2025-04-02 00:13:37] Adding 10 files (Batch 75/136)
[2025-04-02 00:13:37] Committed: p1743541884 75/136
[2025-04-02 00:13:39] Pushed successfully
[2025-04-02 00:13:39] Adding 10 files (Batch 76/136)
[2025-04-02 00:13:39] Committed: p1743541884 76/136
[2025-04-02 00:13:40] Pushed successfully
[2025-04-02 00:13:40] Adding 10 files (Batch 77/136)
[2025-04-02 00:13:40] Committed: p1743541884 77/136
[2025-04-02 00:13:42] Pushed successfully
[2025-04-02 00:13:42] Adding 10 files (Batch 78/136)
[2025-04-02 00:13:42] Committed: p1743541884 78/136
[2025-04-02 00:13:44] Pushed successfully
[2025-04-02 00:13:44] Adding 10 files (Batch 79/136)
[2025-04-02 00:13:44] Committed: p1743541884 79/136
[2025-04-02 00:13:45] Pushed successfully
[2025-04-02 00:13:45] Adding 10 files (Batch 80/136)
[2025-04-02 00:13:45] Committed: p1743541884 80/136
[2025-04-02 00:13:47] Pushed successfully
[2025-04-02 00:13:47] Adding 10 files (Batch 81/136)
[2025-04-02 00:13:47] Committed: p1743541884 81/136
[2025-04-02 00:13:49] Pushed successfully
[2025-04-02 00:13:49] Adding 10 files (Batch 82/136)
[2025-04-02 00:13:49] Committed: p1743541884 82/136
[2025-04-02 00:13:50] Pushed successfully
[2025-04-02 00:13:50] Adding 10 files (Batch 83/136)
[2025-04-02 00:13:50] Committed: p1743541884 83/136
[2025-04-02 00:13:52] Pushed successfully
[2025-04-02 00:13:52] Adding 10 files (Batch 84/136)
[2025-04-02 00:13:52] Committed: p1743541884 84/136
[2025-04-02 00:13:54] Pushed successfully
[2025-04-02 00:13:54] Adding 10 files (Batch 85/136)
[2025-04-02 00:13:54] Committed: p1743541884 85/136
[2025-04-02 00:13:56] Pushed successfully
[2025-04-02 00:13:56] Adding 10 files (Batch 86/136)
[2025-04-02 00:13:56] Committed: p1743541884 86/136
[2025-04-02 00:13:58] Pushed successfully
[2025-04-02 00:13:58] Adding 10 files (Batch 87/136)
[2025-04-02 00:13:58] Committed: p1743541884 87/136
[2025-04-02 00:13:59] Pushed successfully
[2025-04-02 00:13:59] Adding 10 files (Batch 88/136)
[2025-04-02 00:14:00] Committed: p1743541884 88/136
[2025-04-02 00:14:08] Pushed successfully
[2025-04-02 00:14:08] Adding 10 files (Batch 89/136)
[2025-04-02 00:14:09] Committed: p1743541884 89/136
[2025-04-02 00:14:15] Pushed successfully
[2025-04-02 00:14:15] Adding 10 files (Batch 90/136)
[2025-04-02 00:14:16] Committed: p1743541884 90/136
[2025-04-02 00:14:22] Pushed successfully
[2025-04-02 00:14:22] Adding 10 files (Batch 91/136)
[2025-04-02 00:14:23] Committed: p1743541884 91/136
[2025-04-02 00:14:30] Pushed successfully
[2025-04-02 00:14:30] Adding 10 files (Batch 92/136)
[2025-04-02 00:14:31] Committed: p1743541884 92/136
[2025-04-02 00:14:38] Pushed successfully
[2025-04-02 00:14:38] Adding 10 files (Batch 93/136)
[2025-04-02 00:14:39] Committed: p1743541884 93/136
[2025-04-02 00:14:47] Pushed successfully
[2025-04-02 00:14:47] Adding 10 files (Batch 94/136)
[2025-04-02 00:14:47] Committed: p1743541884 94/136
[2025-04-02 00:14:54] Pushed successfully
[2025-04-02 00:14:54] Adding 10 files (Batch 95/136)
[2025-04-02 00:14:55] Committed: p1743541884 95/136
[2025-04-02 00:15:02] Pushed successfully
[2025-04-02 00:15:02] Adding 10 files (Batch 96/136)
[2025-04-02 00:15:03] Committed: p1743541884 96/136
[2025-04-02 00:15:11] Pushed successfully
[2025-04-02 00:15:11] Adding 10 files (Batch 97/136)
[2025-04-02 00:15:12] Committed: p1743541884 97/136
[2025-04-02 00:15:20] Pushed successfully
[2025-04-02 00:15:20] Adding 10 files (Batch 98/136)
[2025-04-02 00:15:20] Committed: p1743541884 98/136
[2025-04-02 00:15:28] Pushed successfully
[2025-04-02 00:15:28] Adding 10 files (Batch 99/136)
[2025-04-02 00:15:28] Committed: p1743541884 99/136
[2025-04-02 00:15:37] Pushed successfully
[2025-04-02 00:15:37] Adding 10 files (Batch 100/136)
[2025-04-02 00:15:38] Committed: p1743541884 100/136
[2025-04-02 00:15:47] Pushed successfully
[2025-04-02 00:15:47] Adding 10 files (Batch 101/136)
[2025-04-02 00:15:48] Committed: p1743541884 101/136
[2025-04-02 00:15:58] Pushed successfully
[2025-04-02 00:15:58] Adding 10 files (Batch 102/136)
[2025-04-02 00:15:59] Committed: p1743541884 102/136
[2025-04-02 00:16:09] Pushed successfully
[2025-04-02 00:16:09] Adding 10 files (Batch 103/136)
[2025-04-02 00:16:10] Committed: p1743541884 103/136
[2025-04-02 00:16:18] Pushed successfully
[2025-04-02 00:16:18] Adding 10 files (Batch 104/136)
[2025-04-02 00:16:19] Committed: p1743541884 104/136
[2025-04-02 00:16:29] Pushed successfully
[2025-04-02 00:16:29] Adding 10 files (Batch 105/136)
[2025-04-02 00:16:30] Committed: p1743541884 105/136
[2025-04-02 00:16:41] Pushed successfully
[2025-04-02 00:16:41] Adding 10 files (Batch 106/136)
[2025-04-02 00:16:41] Committed: p1743541884 106/136
[2025-04-02 00:16:48] Pushed successfully
[2025-04-02 00:16:48] Adding 10 files (Batch 107/136)
[2025-04-02 00:16:49] Committed: p1743541884 107/136
[2025-04-02 00:16:59] Pushed successfully
[2025-04-02 00:16:59] Adding 10 files (Batch 108/136)
[2025-04-02 00:17:00] Committed: p1743541884 108/136
[2025-04-02 00:17:11] Pushed successfully
[2025-04-02 00:17:11] Adding 10 files (Batch 109/136)
[2025-04-02 00:17:12] Committed: p1743541884 109/136
[2025-04-02 00:17:23] Pushed successfully
[2025-04-02 00:17:23] Adding 10 files (Batch 110/136)
[2025-04-02 00:17:24] Committed: p1743541884 110/136
[2025-04-02 00:17:33] Pushed successfully
[2025-04-02 00:17:33] Adding 10 files (Batch 111/136)
[2025-04-02 00:17:34] Committed: p1743541884 111/136
[2025-04-02 00:17:43] Pushed successfully
[2025-04-02 00:17:43] Adding 10 files (Batch 112/136)
[2025-04-02 00:17:44] Committed: p1743541884 112/136
[2025-04-02 00:17:50] Pushed successfully
[2025-04-02 00:17:50] Adding 10 files (Batch 113/136)
[2025-04-02 00:17:50] Committed: p1743541884 113/136
[2025-04-02 00:17:57] Pushed successfully
[2025-04-02 00:17:57] Adding 10 files (Batch 114/136)
[2025-04-02 00:17:58] Committed: p1743541884 114/136
[2025-04-02 00:18:05] Pushed successfully
[2025-04-02 00:18:05] Adding 10 files (Batch 115/136)
[2025-04-02 00:18:06] Committed: p1743541884 115/136
[2025-04-02 00:18:13] Pushed successfully
[2025-04-02 00:18:13] Adding 10 files (Batch 116/136)
[2025-04-02 00:18:14] Committed: p1743541884 116/136
[2025-04-02 00:18:22] Pushed successfully
[2025-04-02 00:18:22] Adding 10 files (Batch 117/136)
[2025-04-02 00:18:23] Committed: p1743541884 117/136
[2025-04-02 00:18:27] Pushed successfully
[2025-04-02 00:18:27] Adding 10 files (Batch 118/136)
[2025-04-02 00:18:28] Committed: p1743541884 118/136
[2025-04-02 00:18:32] Pushed successfully
[2025-04-02 00:18:32] Adding 10 files (Batch 119/136)
[2025-04-02 00:18:33] Committed: p1743541884 119/136
[2025-04-02 00:18:38] Pushed successfully
[2025-04-02 00:18:38] Adding 10 files (Batch 120/136)
[2025-04-02 00:18:38] Committed: p1743541884 120/136
[2025-04-02 00:18:45] Pushed successfully
[2025-04-02 00:18:45] Adding 10 files (Batch 121/136)
[2025-04-02 00:18:45] Committed: p1743541884 121/136
[2025-04-02 00:18:50] Pushed successfully
[2025-04-02 00:18:50] Adding 10 files (Batch 122/136)
[2025-04-02 00:18:51] Committed: p1743541884 122/136
[2025-04-02 00:18:55] Pushed successfully
[2025-04-02 00:18:55] Adding 10 files (Batch 123/136)
[2025-04-02 00:18:56] Committed: p1743541884 123/136
[2025-04-02 00:19:01] Pushed successfully
[2025-04-02 00:19:01] Adding 10 files (Batch 124/136)
[2025-04-02 00:19:02] Committed: p1743541884 124/136
[2025-04-02 00:19:08] Pushed successfully
[2025-04-02 00:19:08] Adding 10 files (Batch 125/136)
[2025-04-02 00:19:08] Committed: p1743541884 125/136
[2025-04-02 00:19:13] Pushed successfully
[2025-04-02 00:19:13] Adding 10 files (Batch 126/136)
[2025-04-02 00:19:13] Committed: p1743541884 126/136
[2025-04-02 00:19:18] Pushed successfully
[2025-04-02 00:19:18] Adding 10 files (Batch 127/136)
[2025-04-02 00:19:18] Committed: p1743541884 127/136
[2025-04-02 00:19:25] Pushed successfully
[2025-04-02 00:19:25] Adding 10 files (Batch 128/136)
[2025-04-02 00:19:26] Committed: p1743541884 128/136
[2025-04-02 00:19:32] Pushed successfully
[2025-04-02 00:19:32] Adding 10 files (Batch 129/136)
[2025-04-02 00:19:32] Committed: p1743541884 129/136
[2025-04-02 00:19:36] Pushed successfully
[2025-04-02 00:19:36] Adding 10 files (Batch 130/136)
[2025-04-02 00:19:36] Committed: p1743541884 130/136
[2025-04-02 00:19:40] Pushed successfully
[2025-04-02 00:19:40] Adding 10 files (Batch 131/136)
[2025-04-02 00:19:41] Committed: p1743541884 131/136
[2025-04-02 00:19:45] Pushed successfully
[2025-04-02 00:19:45] Adding 10 files (Batch 132/136)
[2025-04-02 00:19:46] Committed: p1743541884 132/136
[2025-04-02 00:19:53] Pushed successfully
[2025-04-02 00:19:53] Adding 10 files (Batch 133/136)
[2025-04-02 00:19:54] Committed: p1743541884 133/136
[2025-04-02 00:20:02] Pushed successfully
[2025-04-02 00:20:02] Adding 10 files (Batch 134/136)
[2025-04-02 00:20:02] Committed: p1743541884 134/136
[2025-04-02 00:20:08] Pushed successfully
[2025-04-02 00:20:08] Adding 10 files (Batch 135/136)
[2025-04-02 00:20:09] Committed: p1743541884 135/136
[2025-04-02 00:20:14] Pushed successfully
[2025-04-02 00:20:14] Adding 1 files (Batch 136/136)
[2025-04-02 00:20:15] Committed: p1743541884 136/136
[2025-04-02 00:20:16] Pushed successfully
[2025-04-02 00:20:16] FINISHED in 532.17s (Branch: master)
[2025-04-03 23:07:36] Using existing branch: master
[2025-04-03 23:07:36] Starting push to 'master' (136 batches)
[2025-04-03 23:07:36] Adding 10 files (Batch 1/136)
[2025-04-03 23:07:36] Committed: p1743710841 1/136
[2025-04-03 23:07:38] Pushed successfully
[2025-04-03 23:07:38] Adding 10 files (Batch 2/136)
[2025-04-03 23:07:38] Committed: p1743710841 2/136
[2025-04-03 23:07:40] Pushed successfully
[2025-04-03 23:07:40] Adding 10 files (Batch 3/136)
[2025-04-03 23:07:40] Committed: p1743710841 3/136
[2025-04-03 23:07:41] Pushed successfully
[2025-04-03 23:07:41] Adding 10 files (Batch 4/136)
[2025-04-03 23:07:42] Committed: p1743710841 4/136
[2025-04-03 23:07:43] Pushed successfully
[2025-04-03 23:07:43] Adding 10 files (Batch 5/136)
[2025-04-03 23:07:43] Committed: p1743710841 5/136
[2025-04-03 23:07:45] Pushed successfully
[2025-04-03 23:07:45] Adding 10 files (Batch 6/136)
[2025-04-03 23:07:45] Committed: p1743710841 6/136
[2025-04-03 23:07:47] Pushed successfully
[2025-04-03 23:07:47] Adding 10 files (Batch 7/136)
[2025-04-03 23:07:47] Committed: p1743710841 7/136
[2025-04-03 23:07:48] Pushed successfully
[2025-04-03 23:07:48] Adding 10 files (Batch 8/136)
[2025-04-03 23:07:48] Committed: p1743710841 8/136
[2025-04-03 23:07:50] Pushed successfully
[2025-04-03 23:07:50] Adding 10 files (Batch 9/136)
[2025-04-03 23:07:50] Committed: p1743710841 9/136
[2025-04-03 23:07:52] Pushed successfully
[2025-04-03 23:07:52] Adding 10 files (Batch 10/136)
[2025-04-03 23:07:52] Committed: p1743710841 10/136
[2025-04-03 23:07:54] Pushed successfully
[2025-04-03 23:07:54] Adding 10 files (Batch 11/136)
[2025-04-03 23:07:54] Committed: p1743710841 11/136
[2025-04-03 23:07:55] Pushed successfully
[2025-04-03 23:07:55] Adding 10 files (Batch 12/136)
[2025-04-03 23:07:55] Committed: p1743710841 12/136
[2025-04-03 23:07:57] Pushed successfully
[2025-04-03 23:07:57] Adding 10 files (Batch 13/136)
[2025-04-03 23:07:57] Committed: p1743710841 13/136
[2025-04-03 23:07:58] Pushed successfully
[2025-04-03 23:07:58] Adding 10 files (Batch 14/136)
[2025-04-03 23:07:58] Committed: p1743710841 14/136
[2025-04-03 23:08:00] Pushed successfully
[2025-04-03 23:08:00] Adding 10 files (Batch 15/136)
[2025-04-03 23:08:00] Committed: p1743710841 15/136
[2025-04-03 23:08:02] Pushed successfully
[2025-04-03 23:08:02] Adding 10 files (Batch 16/136)
[2025-04-03 23:08:02] Committed: p1743710841 16/136
[2025-04-03 23:08:03] Pushed successfully
[2025-04-03 23:08:03] Adding 10 files (Batch 17/136)
[2025-04-03 23:08:03] Committed: p1743710841 17/136
[2025-04-03 23:08:05] Pushed successfully
[2025-04-03 23:08:05] Adding 10 files (Batch 18/136)
[2025-04-03 23:08:05] Committed: p1743710841 18/136
[2025-04-03 23:08:07] Pushed successfully
[2025-04-03 23:08:07] Adding 10 files (Batch 19/136)
[2025-04-03 23:08:07] Committed: p1743710841 19/136
[2025-04-03 23:08:08] Pushed successfully
[2025-04-03 23:08:08] Adding 10 files (Batch 20/136)
[2025-04-03 23:08:08] Committed: p1743710841 20/136
